<?xml version="1.0" encoding="UTF-8"?>
<!-- Generated by org.testng.reporters.JUnitReportReporter -->
<testsuite hostname="HDC2-D-BXM1T72" failures="0" tests="1" name="rough.practice.Templ1" time="20.511" errors="0" timestamp="13 Feb 2019 08:42:59 GMT" skipped="0">
  <testcase classname="rough.practice.Templ1" name="testGuru99TakeScreenShot" time="20.511"/>
</testsuite> <!-- rough.practice.Templ1 -->
