<?xml version="1.0" encoding="UTF-8"?>
<!-- Generated by org.testng.reporters.JUnitReportReporter -->
<testsuite skipped="0" hostname="HDC2-D-BXM1T72" name="testNG.test.day1" tests="2" failures="0" timestamp="09 Oct 2018 10:28:17 GMT" time="0.020" errors="0">
  <testcase name="SecondTest" time="0.002" classname="testNG.test.day1"/>
  <testcase name="FirstTest" time="0.018" classname="testNG.test.day1"/>
</testsuite> <!-- testNG.test.day1 -->
